2020-11-08 02:00:27.164 - INFO - 120 - azureml.train.automl.runtime._remote.remote_utilities._parse_settings:46 - Changing AutoML temporary path to current working directory.
2020-11-08 02:00:28.105 - INFO - 120 - azureml.train.automl.runtime._remote_script._get_cache_data_store:149 - Successfully got the cache data store, caching enabled.
2020-11-08 02:00:28.105 - INFO - 120 - azureml.train.automl.runtime._remote_script._get_cache_data_store:160 - Took 0.9250423908233643 seconds to retrieve cache data store
2020-11-08 02:00:28.452 - INFO - 120 - azureml.automl.runtime.shared.cache_store._log_activity:46 - ActivityStarted: load
2020-11-08 02:00:28.464 - INFO - 120 - azureml.automl.runtime.shared.cache_store._log_activity:70 - ActivityCompleted: Activity=load, HowEnded=Success, Duration=12.21[ms]
2020-11-08 02:00:28.464 - INFO - 120 - azureml.train.automl.runtime._remote_script._prep_input_data:711 - Preparing input data for setup iteration for run AutoML_7358d59d-cf66-47f0-9e7b-af038df05956_setup.
2020-11-08 02:00:28.465 - INFO - 120 - azureml.train.automl.runtime._data_preparer.get_preparer:260 - Resolving dataflows using dprep json.
2020-11-08 02:00:28.465 - INFO - 120 - azureml.train.automl.runtime._data_preparer.get_preparer:261 - DataPrep version: 2.3.2
2020-11-08 02:00:28.465 - INFO - 120 - azureml.train.automl.runtime._data_preparer.get_preparer:264 - DataPrep log client session id: 093c505a-78bd-452f-bf77-25b42db7b271
2020-11-08 02:00:28.465 - INFO - 120 - azureml.train.automl.runtime._data_preparer._log_activity:46 - ActivityStarted: ParsingDataprepJSON
2020-11-08 02:00:28.465 - INFO - 120 - azureml.train.automl.runtime._data_preparer._parse:118 - Creating dataflow from datasets for training_data and validation_data.
2020-11-08 02:00:35.661 - INFO - 120 - azureml.train.automl.runtime._data_preparer._log_activity:70 - ActivityCompleted: Activity=ParsingDataprepJSON, HowEnded=Success, Duration=7196.09[ms]
2020-11-08 02:00:35.662 - INFO - 120 - azureml.train.automl.runtime._data_preparer._log_activity:46 - ActivityStarted: BuildingDataCharacteristics
2020-11-08 02:00:35.662 - INFO - 120 - azureml.train.automl.runtime._data_preparer._buiid_data_characterstics:101 - Starting data characteristics calculation. This might take a while...
2020-11-08 02:00:44.181 - INFO - 120 - azureml.train.automl.runtime._data_preparer._log_activity:70 - ActivityCompleted: Activity=BuildingDataCharacteristics, HowEnded=Success, Duration=8519.38[ms]
2020-11-08 02:00:44.182 - INFO - 120 - azureml.train.automl.runtime._data_preparer.get_preparer:279 - Successfully retrieved data using dataprep.
2020-11-08 02:00:44.336 - INFO - 120 - azureml.train.automl.runtime._remote_script._prep_input_data:739 - Service responded with streaming disabled
2020-11-08 02:00:44.336 - INFO - 120 - azureml.train.automl.runtime._data_preparer._get_inferred_types_dataflow:515 - Inferring type for feature columns.
2020-11-08 02:00:48.545 - INFO - 120 - azureml.automl.runtime._automl_settings_utilities.rule_based_validation:85 - Rule based validation: Using rule based train/test splits.
2020-11-08 02:00:48.611 - INFO - 120 - azureml.automl.runtime._automl_settings_utilities.rule_based_validation:97 - Rule based validation: Using stratified sampling.
2020-11-08 02:00:48.613 - INFO - 120 - azureml.train.automl.runtime._automl_job_phases.setup_phase._validate_training_data:97 - Validating training data.
2020-11-08 02:00:48.613 - INFO - 120 - azureml.automl.runtime.training_utilities.validate_training_data_dict:617 - Start data validation.
2020-11-08 02:00:48.613 - INFO - 120 - azureml.automl.runtime.training_utilities.check_x_y:700 - Checking X and y.
2020-11-08 02:00:48.618 - INFO - 120 - azureml.automl.runtime._common_training_utilities._column_value_number_check:30 - 2 unique classes detected.
2020-11-08 02:00:49.701 - INFO - 120 - azureml.train.automl.runtime._automl_job_phases.setup_phase._validate_training_data:99 - Input data successfully validated.
2020-11-08 02:00:49.701 - INFO - 120 - azureml.train.automl.runtime._automl_job_phases.setup_phase.run:52 - Set problem info. AutoML setup phase for run AutoML_7358d59d-cf66-47f0-9e7b-af038df05956_setup.
2020-11-08 02:00:49.703 - INFO - 120 - azureml.train.automl.runtime._automl_job_phases.utilities._log_activity:46 - ActivityStarted: Getting transformed data context.
2020-11-08 02:00:49.703 - INFO - 120 - azureml.train.automl.runtime._automl_job_phases.utilities._transform_and_validate_input_data:139 - Using AzureFileCacheStore for caching transformed data.
2020-11-08 02:00:49.703 - INFO - 120 - azureml.train.automl.runtime._automl_job_phases.utilities._transform_and_validate_input_data:148 - Checking if feature sweeping is necessary.
2020-11-08 02:00:49.704 - INFO - 120 - azureml.automl.runtime.data_transformation.create_transformed_data_context_no_streaming:168 - Pre-processing user data
2020-11-08 02:00:49.704 - INFO - 120 - azureml.automl.runtime.data_transformation.create_transformed_data_context_no_streaming:169 - The size of the raw data is: 5536566
2020-11-08 02:00:49.757 - INFO - 120 - azureml.automl.core.shared.utilities._log_raw_data_stat:233 - [YCol]RawFeatureStats:{"num_unique_vals": "2", "total_number_vals": "29655", "total_number_vals_including_nans": "29655", "num_na": "0", "column_type": "\"string\"", "lengths": "{}", "num_unique_lens": "2", "average_entry_length": "2.1120553026471085", "average_number_spaces": "0.0", "cardinality_ratio": "6.744225257123588e-05", "is_datetime": "false", "is_all_nan": "false", "unicode_median_value": "110.0"}
2020-11-08 02:00:49.758 - INFO - 120 - azureml.automl.runtime.data_transformation._remove_nan_rows_in_X_y:1167 - Inspecting target column for missing values.
2020-11-08 02:00:49.758 - INFO - 120 - azureml.automl.runtime.data_transformation._remove_nan_rows_in_X_y:1167 - Inspecting target column for missing values.
2020-11-08 02:00:49.761 - INFO - 120 - azureml.automl.runtime.data_transformation._y_transform:1102 - Start doing label encoding on y data.
2020-11-08 02:00:49.767 - INFO - 120 - azureml.automl.runtime.data_transformation._y_transform:1111 - End doing label encoding on y data.
2020-11-08 02:00:49.768 - INFO - 120 - azureml.automl.runtime.data_transformation._class_balancing_check:1135 - Start checking class balancing on y data.
2020-11-08 02:00:49.796 - INFO - 120 - azureml.automl.runtime.data_transformation._class_balancing_check:1143 - Classes are imbalanced in training data.
2020-11-08 02:00:49.796 - INFO - 120 - azureml.automl.runtime.data_transformation._log_data_info:820 - X datatype is <class 'numpy.ndarray'>, shape is (29655, 20), datasize is 4744912.
2020-11-08 02:00:49.796 - INFO - 120 - azureml.automl.runtime.data_transformation._log_data_info:825 - y datatype is <class 'numpy.ndarray'>, shape is (29655,), datasize is 237336.
2020-11-08 02:00:49.796 - INFO - 120 - azureml.automl.runtime.data_transformation._log_data_info:832 - X_valid datatype is <class 'numpy.ndarray'>, shape is (3295, 20), datasize is 527312.
2020-11-08 02:00:49.796 - INFO - 120 - azureml.automl.runtime.data_transformation._log_data_info:839 - y_valid datatype is <class 'numpy.ndarray'>, shape is (3295,), datasize is 26456.
2020-11-08 02:00:49.854 - INFO - 120 - azureml.automl.runtime.featurization.data_transformer._logger_wrapper:81 - Feature sweeping enabled: False
2020-11-08 02:00:49.854 - INFO - 120 - azureml.automl.runtime.featurization.data_transformer._logger_wrapper:81 - Feature sweeping timeout: 86400
2020-11-08 02:00:49.855 - INFO - 120 - azureml.automl.runtime.featurization.data_transformer._logger_wrapper:81 - Featurizer mapper not found so learn all the transforms
2020-11-08 02:00:50.762 - INFO - 120 - azureml.automl.runtime.featurization.data_transformer._logger_wrapper:81 - Start getting transformers.
2020-11-08 02:00:50.762 - INFO - 120 - azureml.automl.core.shared.utilities._log_raw_data_stat:233 - [XColNum:0]RawFeatureStats:{"num_unique_vals": "77", "total_number_vals": "29655", "total_number_vals_including_nans": "29655", "num_na": "0", "column_type": "\"integer\"", "lengths": "{}", "num_unique_lens": "0", "average_entry_length": "0", "average_number_spaces": "0", "cardinality_ratio": "0", "is_datetime": "false", "is_all_nan": "false", "unicode_median_value": "0"}
2020-11-08 02:00:50.763 - INFO - 120 - azureml.automl.runtime.featurization.data_transformer._logger_wrapper:81 - Preprocess transformer for col 0, datatype: int64, detected datatype Numeric
2020-11-08 02:00:50.763 - INFO - 120 - azureml.automl.core.shared.utilities._log_raw_data_stat:233 - [XColNum:10]RawFeatureStats:{"num_unique_vals": "1428", "total_number_vals": "29655", "total_number_vals_including_nans": "29655", "num_na": "0", "column_type": "\"integer\"", "lengths": "{}", "num_unique_lens": "0", "average_entry_length": "0", "average_number_spaces": "0", "cardinality_ratio": "0", "is_datetime": "false", "is_all_nan": "false", "unicode_median_value": "0"}
2020-11-08 02:00:50.764 - INFO - 120 - azureml.automl.runtime.featurization.data_transformer._logger_wrapper:81 - Preprocess transformer for col 10, datatype: int64, detected datatype Numeric
2020-11-08 02:00:50.764 - INFO - 120 - azureml.automl.core.shared.utilities._log_raw_data_stat:233 - [XColNum:15]RawFeatureStats:{"num_unique_vals": "10", "total_number_vals": "29655", "total_number_vals_including_nans": "29655", "num_na": "0", "column_type": "\"floating\"", "lengths": "{}", "num_unique_lens": "0", "average_entry_length": "0", "average_number_spaces": "0", "cardinality_ratio": "0", "is_datetime": "false", "is_all_nan": "false", "unicode_median_value": "0"}
2020-11-08 02:00:50.764 - INFO - 120 - azureml.automl.runtime.featurization.data_transformer._logger_wrapper:81 - Preprocess transformer for col 15, datatype: float64, detected datatype Numeric
2020-11-08 02:00:50.764 - INFO - 120 - azureml.automl.core.shared.utilities._log_raw_data_stat:233 - [XColNum:16]RawFeatureStats:{"num_unique_vals": "26", "total_number_vals": "29655", "total_number_vals_including_nans": "29655", "num_na": "0", "column_type": "\"floating\"", "lengths": "{}", "num_unique_lens": "0", "average_entry_length": "0", "average_number_spaces": "0", "cardinality_ratio": "0", "is_datetime": "false", "is_all_nan": "false", "unicode_median_value": "0"}
2020-11-08 02:00:50.765 - INFO - 120 - azureml.automl.runtime.featurization.data_transformer._logger_wrapper:81 - Preprocess transformer for col 16, datatype: float64, detected datatype Numeric
2020-11-08 02:00:50.765 - INFO - 120 - azureml.automl.core.shared.utilities._log_raw_data_stat:233 - [XColNum:17]RawFeatureStats:{"num_unique_vals": "26", "total_number_vals": "29655", "total_number_vals_including_nans": "29655", "num_na": "0", "column_type": "\"floating\"", "lengths": "{}", "num_unique_lens": "0", "average_entry_length": "0", "average_number_spaces": "0", "cardinality_ratio": "0", "is_datetime": "false", "is_all_nan": "false", "unicode_median_value": "0"}
2020-11-08 02:00:50.766 - INFO - 120 - azureml.automl.runtime.featurization.data_transformer._logger_wrapper:81 - Preprocess transformer for col 17, datatype: float64, detected datatype Numeric
2020-11-08 02:00:50.766 - INFO - 120 - azureml.automl.core.shared.utilities._log_raw_data_stat:233 - [XColNum:18]RawFeatureStats:{"num_unique_vals": "312", "total_number_vals": "29655", "total_number_vals_including_nans": "29655", "num_na": "0", "column_type": "\"floating\"", "lengths": "{}", "num_unique_lens": "0", "average_entry_length": "0", "average_number_spaces": "0", "cardinality_ratio": "0", "is_datetime": "false", "is_all_nan": "false", "unicode_median_value": "0"}
2020-11-08 02:00:50.766 - INFO - 120 - azureml.automl.runtime.featurization.data_transformer._logger_wrapper:81 - Preprocess transformer for col 18, datatype: float64, detected datatype Numeric
2020-11-08 02:00:50.767 - INFO - 120 - azureml.automl.core.shared.utilities._log_raw_data_stat:233 - [XColNum:19]RawFeatureStats:{"num_unique_vals": "11", "total_number_vals": "29655", "total_number_vals_including_nans": "29655", "num_na": "0", "column_type": "\"floating\"", "lengths": "{}", "num_unique_lens": "0", "average_entry_length": "0", "average_number_spaces": "0", "cardinality_ratio": "0", "is_datetime": "false", "is_all_nan": "false", "unicode_median_value": "0"}
2020-11-08 02:00:50.767 - INFO - 120 - azureml.automl.runtime.featurization.data_transformer._logger_wrapper:81 - Preprocess transformer for col 19, datatype: float64, detected datatype Numeric
2020-11-08 02:00:50.767 - INFO - 120 - azureml.automl.core.shared.utilities._log_raw_data_stat:233 - [XColNum:1]RawFeatureStats:{"num_unique_vals": "12", "total_number_vals": "29655", "total_number_vals_including_nans": "29655", "num_na": "0", "column_type": "\"string\"", "lengths": "{}", "num_unique_lens": "8", "average_entry_length": "8.954038104872703", "average_number_spaces": "0.0", "cardinality_ratio": "0.00040465351542741526", "is_datetime": "false", "is_all_nan": "false", "unicode_median_value": "104.0"}
2020-11-08 02:00:50.768 - INFO - 120 - azureml.automl.runtime.featurization.data_transformer._logger_wrapper:81 - Preprocess transformer for col 1, datatype: object, detected datatype Categorical
2020-11-08 02:00:50.768 - INFO - 120 - azureml.automl.core.shared.utilities._log_raw_data_stat:233 - [XColNum:2]RawFeatureStats:{"num_unique_vals": "4", "total_number_vals": "29655", "total_number_vals_including_nans": "29655", "num_na": "0", "column_type": "\"string\"", "lengths": "{}", "num_unique_lens": "3", "average_entry_length": "6.829539706626202", "average_number_spaces": "0.0", "cardinality_ratio": "0.00013488450514247176", "is_datetime": "false", "is_all_nan": "false", "unicode_median_value": "105.0"}
2020-11-08 02:00:50.768 - INFO - 120 - azureml.automl.runtime.featurization.data_transformer._logger_wrapper:81 - Preprocess transformer for col 2, datatype: object, detected datatype Categorical
2020-11-08 02:00:50.768 - INFO - 120 - azureml.automl.core.shared.utilities._log_raw_data_stat:233 - [XColNum:3]RawFeatureStats:{"num_unique_vals": "8", "total_number_vals": "29655", "total_number_vals_including_nans": "29655", "num_na": "0", "column_type": "\"string\"", "lengths": "{}", "num_unique_lens": "6", "average_entry_length": "12.711009947732254", "average_number_spaces": "0.0", "cardinality_ratio": "0.0002697690102849435", "is_datetime": "false", "is_all_nan": "false", "unicode_median_value": "105.0"}
2020-11-08 02:00:50.768 - INFO - 120 - azureml.automl.runtime.featurization.data_transformer._logger_wrapper:81 - Preprocess transformer for col 3, datatype: object, detected datatype Categorical
2020-11-08 02:00:50.769 - INFO - 120 - azureml.automl.core.shared.utilities._log_raw_data_stat:233 - [XColNum:4]RawFeatureStats:{"num_unique_vals": "3", "total_number_vals": "29655", "total_number_vals_including_nans": "29655", "num_na": "0", "column_type": "\"string\"", "lengths": "{}", "num_unique_lens": "3", "average_entry_length": "3.0424211768673075", "average_number_spaces": "0.0", "cardinality_ratio": "0.00010116337885685381", "is_datetime": "false", "is_all_nan": "false", "unicode_median_value": "110.0"}
2020-11-08 02:00:50.769 - INFO - 120 - azureml.automl.runtime.featurization.data_transformer._logger_wrapper:81 - Preprocess transformer for col 4, datatype: object, detected datatype Categorical
2020-11-08 02:00:50.769 - INFO - 120 - azureml.automl.core.shared.utilities._log_raw_data_stat:233 - [XColNum:5]RawFeatureStats:{"num_unique_vals": "3", "total_number_vals": "29655", "total_number_vals_including_nans": "29655", "num_na": "0", "column_type": "\"string\"", "lengths": "{}", "num_unique_lens": "3", "average_entry_length": "2.642522340246164", "average_number_spaces": "0.0", "cardinality_ratio": "0.00010116337885685381", "is_datetime": "false", "is_all_nan": "false", "unicode_median_value": "110.0"}
2020-11-08 02:00:50.769 - INFO - 120 - azureml.automl.runtime.featurization.data_transformer._logger_wrapper:81 - Preprocess transformer for col 5, datatype: object, detected datatype Categorical
2020-11-08 02:00:50.769 - INFO - 120 - azureml.automl.core.shared.utilities._log_raw_data_stat:233 - [XColNum:6]RawFeatureStats:{"num_unique_vals": "3", "total_number_vals": "29655", "total_number_vals_including_nans": "29655", "num_na": "0", "column_type": "\"string\"", "lengths": "{}", "num_unique_lens": "3", "average_entry_length": "2.2721632102512226", "average_number_spaces": "0.0", "cardinality_ratio": "0.00010116337885685381", "is_datetime": "false", "is_all_nan": "false", "unicode_median_value": "110.0"}
2020-11-08 02:00:50.769 - INFO - 120 - azureml.automl.runtime.featurization.data_transformer._logger_wrapper:81 - Preprocess transformer for col 6, datatype: object, detected datatype Categorical
2020-11-08 02:00:50.770 - INFO - 120 - azureml.automl.core.shared.utilities._log_raw_data_stat:233 - [XColNum:7]RawFeatureStats:{"num_unique_vals": "2", "total_number_vals": "29655", "total_number_vals_including_nans": "29655", "num_na": "0", "column_type": "\"string\"", "lengths": "{}", "num_unique_lens": "2", "average_entry_length": "8.365739335693812", "average_number_spaces": "0.0", "cardinality_ratio": "6.744225257123588e-05", "is_datetime": "false", "is_all_nan": "false", "unicode_median_value": "108.0"}
2020-11-08 02:00:50.770 - INFO - 120 - azureml.automl.runtime.featurization.data_transformer._logger_wrapper:81 - Preprocess transformer for col 7, datatype: object, detected datatype Categorical
2020-11-08 02:00:50.770 - INFO - 120 - azureml.automl.core.shared.utilities._log_raw_data_stat:233 - [XColNum:8]RawFeatureStats:{"num_unique_vals": "10", "total_number_vals": "29655", "total_number_vals_including_nans": "29655", "num_na": "0", "column_type": "\"string\"", "lengths": "{}", "num_unique_lens": "1", "average_entry_length": "3.0", "average_number_spaces": "0.0", "cardinality_ratio": "0.0003372112628561794", "is_datetime": "false", "is_all_nan": "false", "unicode_median_value": "106.0"}
2020-11-08 02:00:50.770 - INFO - 120 - azureml.automl.runtime.featurization.data_transformer._logger_wrapper:81 - Preprocess transformer for col 8, datatype: object, detected datatype Categorical
2020-11-08 02:00:50.771 - INFO - 120 - azureml.automl.core.shared.utilities._log_raw_data_stat:233 - [XColNum:9]RawFeatureStats:{"num_unique_vals": "5", "total_number_vals": "29655", "total_number_vals_including_nans": "29655", "num_na": "0", "column_type": "\"string\"", "lengths": "{}", "num_unique_lens": "1", "average_entry_length": "3.0", "average_number_spaces": "0.0", "cardinality_ratio": "0.0001686056314280897", "is_datetime": "false", "is_all_nan": "false", "unicode_median_value": "105.0"}
2020-11-08 02:00:50.771 - INFO - 120 - azureml.automl.runtime.featurization.data_transformer._logger_wrapper:81 - Preprocess transformer for col 9, datatype: object, detected datatype Categorical
2020-11-08 02:00:50.771 - INFO - 120 - azureml.automl.core.shared.utilities._log_raw_data_stat:233 - [XColNum:11]RawFeatureStats:{"num_unique_vals": "39", "total_number_vals": "29655", "total_number_vals_including_nans": "29655", "num_na": "0", "column_type": "\"integer\"", "lengths": "{}", "num_unique_lens": "0", "average_entry_length": "0", "average_number_spaces": "0", "cardinality_ratio": "0", "is_datetime": "false", "is_all_nan": "false", "unicode_median_value": "0"}
2020-11-08 02:00:50.771 - INFO - 120 - azureml.automl.runtime.featurization.data_transformer._logger_wrapper:81 - Preprocess transformer for col 11, datatype: int64, detected datatype Categorical
2020-11-08 02:00:50.772 - INFO - 120 - azureml.automl.core.shared.utilities._log_raw_data_stat:233 - [XColNum:12]RawFeatureStats:{"num_unique_vals": "26", "total_number_vals": "29655", "total_number_vals_including_nans": "29655", "num_na": "0", "column_type": "\"integer\"", "lengths": "{}", "num_unique_lens": "0", "average_entry_length": "0", "average_number_spaces": "0", "cardinality_ratio": "0", "is_datetime": "false", "is_all_nan": "false", "unicode_median_value": "0"}
2020-11-08 02:00:50.772 - INFO - 120 - azureml.automl.runtime.featurization.data_transformer._logger_wrapper:81 - Preprocess transformer for col 12, datatype: int64, detected datatype Categorical
2020-11-08 02:00:50.772 - INFO - 120 - azureml.automl.core.shared.utilities._log_raw_data_stat:233 - [XColNum:13]RawFeatureStats:{"num_unique_vals": "8", "total_number_vals": "29655", "total_number_vals_including_nans": "29655", "num_na": "0", "column_type": "\"integer\"", "lengths": "{}", "num_unique_lens": "0", "average_entry_length": "0", "average_number_spaces": "0", "cardinality_ratio": "0", "is_datetime": "false", "is_all_nan": "false", "unicode_median_value": "0"}
2020-11-08 02:00:50.772 - INFO - 120 - azureml.automl.runtime.featurization.data_transformer._logger_wrapper:81 - Preprocess transformer for col 13, datatype: int64, detected datatype Categorical
2020-11-08 02:00:50.772 - INFO - 120 - azureml.automl.core.shared.utilities._log_raw_data_stat:233 - [XColNum:14]RawFeatureStats:{"num_unique_vals": "3", "total_number_vals": "29655", "total_number_vals_including_nans": "29655", "num_na": "0", "column_type": "\"string\"", "lengths": "{}", "num_unique_lens": "2", "average_entry_length": "10.444815376833587", "average_number_spaces": "0.0", "cardinality_ratio": "0.00010116337885685381", "is_datetime": "false", "is_all_nan": "false", "unicode_median_value": "110.0"}
2020-11-08 02:00:50.772 - INFO - 120 - azureml.automl.runtime.featurization.data_transformer._logger_wrapper:81 - Preprocess transformer for col 14, datatype: object, detected datatype Categorical
2020-11-08 02:00:50.773 - INFO - 120 - azureml.automl.runtime.featurization.data_transformer._log_activity:46 - ActivityStarted: FeatureSweeping
2020-11-08 02:00:50.773 - INFO - 120 - azureml.automl.runtime.featurization.data_transformer._logger_wrapper:81 - Feature sweeping disabled.
2020-11-08 02:00:50.773 - INFO - 120 - azureml.automl.runtime.featurization.data_transformer._log_activity:70 - ActivityCompleted: Activity=FeatureSweeping, HowEnded=Success, Duration=0.13[ms]
2020-11-08 02:00:50.773 - INFO - 120 - azureml.automl.runtime.featurization.data_transformer._logger_wrapper:81 - Transforms:
col 0, transformers: SimpleImputer
col 10, transformers: SimpleImputer
col 15, transformers: SimpleImputer
col 16, transformers: SimpleImputer
col 17, transformers: SimpleImputer
col 18, transformers: SimpleImputer
col 19, transformers: SimpleImputer
2020-11-08 02:00:50.773 - INFO - 120 - azureml.automl.runtime.featurization.data_transformer._logger_wrapper:81 - The stats_computation for raw data are following:-
	Number of Numeric features: 7
	Number of Text features: 0
	Number of AllNan features: 0
	Number of DateTime features: 0
	Number of CategoricalHash features: 0
	Number of Categorical features: 13
	Number of Hashes features: 0
	Number of Ignore features: 0
2020-11-08 02:00:50.773 - INFO - 120 - azureml.automl.runtime.featurization.data_transformer._logger_wrapper:81 - End getting transformers.
2020-11-08 02:00:50.774 - INFO - 120 - azureml.train.automl.runtime._automl_job_phases.utilities._log_activity:70 - ActivityCompleted: Activity=Getting transformed data context., HowEnded=Success, Duration=1070.84[ms]
2020-11-08 02:00:50.774 - INFO - 120 - azureml.train.automl.runtime._remote_script._save_setup_run_state_for_featurization_run:497 - Saving artifacts required for separate featurization run.
2020-11-08 02:00:50.788 - INFO - 120 - azureml.automl.runtime._data_transformation_utilities._log_activity:46 - ActivityStarted: FeatureConfigUpload
2020-11-08 02:00:51.227 - INFO - 120 - azureml.automl.runtime._data_transformation_utilities._log_activity:70 - ActivityCompleted: Activity=FeatureConfigUpload, HowEnded=Success, Duration=439.72[ms]
2020-11-08 02:00:51.237 - INFO - 120 - azureml.automl.runtime._data_transformation_utilities._log_activity:46 - ActivityStarted: EngineeredFeatureNamesUpload
2020-11-08 02:00:51.585 - INFO - 120 - azureml.automl.runtime._data_transformation_utilities._log_activity:70 - ActivityCompleted: Activity=EngineeredFeatureNamesUpload, HowEnded=Success, Duration=348.44[ms]
2020-11-08 02:00:51.693 - INFO - 120 - azureml.automl.runtime._data_transformation_utilities._log_activity:46 - ActivityStarted: FeaturizationJsonUpload
2020-11-08 02:00:52.001 - INFO - 120 - azureml.automl.runtime._data_transformation_utilities._log_activity:70 - ActivityCompleted: Activity=FeaturizationJsonUpload, HowEnded=Success, Duration=307.36[ms]
